Processing bed
scripts/3dovs_baseline.sh: line 29: 3395859 Killed                  CUDA_VISIBLE_DEVICES=3 nohup python train.py --dataset_path ../data/3dovs/${casename} --dataset_name ${casename} --encoder_dims 256 128 64 32 3 --decoder_dims 16 32 64 128 256 256 512 --lr 0.0007 > ../logs/langsplat/train_ae/${casename}.log 2>&1
scripts/3dovs_baseline.sh: line 51: 3573642 Killed                  CUDA_VISIBLE_DEVICES=$((level+2)) nohup python train.py -s data/3dovs/${casename} -m output/${casename} --start_checkpoint data/3dovs/${casename}/output/${casename}/chkpnt30000.pth --port 600${level} --feature_level ${level} > logs/langsplat/train/${casename}_lv${level}.log 2>&1
scripts/3dovs_baseline.sh: line 51: 3573644 Killed                  CUDA_VISIBLE_DEVICES=$((level+2)) nohup python train.py -s data/3dovs/${casename} -m output/${casename} --start_checkpoint data/3dovs/${casename}/output/${casename}/chkpnt30000.pth --port 600${level} --feature_level ${level} > logs/langsplat/train/${casename}_lv${level}.log 2>&1
scripts/3dovs_baseline.sh: line 51: 3573643 Killed                  CUDA_VISIBLE_DEVICES=$((level+2)) nohup python train.py -s data/3dovs/${casename} -m output/${casename} --start_checkpoint data/3dovs/${casename}/output/${casename}/chkpnt30000.pth --port 600${level} --feature_level ${level} > logs/langsplat/train/${casename}_lv${level}.log 2>&1
scripts/3dovs_baseline.sh: line 61: 3575054 Killed                  CUDA_VISIBLE_DEVICES=$((level+2)) nohup python render.py -m output/${casename}_${level} --include_feature > logs/langsplat/render/${casename}_lv${level}.log 2>&1
scripts/3dovs_baseline.sh: line 61: 3575055 Killed                  CUDA_VISIBLE_DEVICES=$((level+2)) nohup python render.py -m output/${casename}_${level} --include_feature > logs/langsplat/render/${casename}_lv${level}.log 2>&1
scripts/3dovs_baseline.sh: line 61: 3575056 Killed                  CUDA_VISIBLE_DEVICES=$((level+2)) nohup python render.py -m output/${casename}_${level} --include_feature > logs/langsplat/render/${casename}_lv${level}.log 2>&1
Processing bench
scripts/3dovs_baseline.sh: line 29: 3575295 Killed                  CUDA_VISIBLE_DEVICES=3 nohup python train.py --dataset_path ../data/3dovs/${casename} --dataset_name ${casename} --encoder_dims 256 128 64 32 3 --decoder_dims 16 32 64 128 256 256 512 --lr 0.0007 > ../logs/langsplat/train_ae/${casename}.log 2>&1
scripts/3dovs_baseline.sh: line 51: 3577824 Killed                  CUDA_VISIBLE_DEVICES=$((level+2)) nohup python train.py -s data/3dovs/${casename} -m output/${casename} --start_checkpoint data/3dovs/${casename}/output/${casename}/chkpnt30000.pth --port 600${level} --feature_level ${level} > logs/langsplat/train/${casename}_lv${level}.log 2>&1
scripts/3dovs_baseline.sh: line 51: 3577825 Killed                  CUDA_VISIBLE_DEVICES=$((level+2)) nohup python train.py -s data/3dovs/${casename} -m output/${casename} --start_checkpoint data/3dovs/${casename}/output/${casename}/chkpnt30000.pth --port 600${level} --feature_level ${level} > logs/langsplat/train/${casename}_lv${level}.log 2>&1
scripts/3dovs_baseline.sh: line 51: 3577826 Killed                  CUDA_VISIBLE_DEVICES=$((level+2)) nohup python train.py -s data/3dovs/${casename} -m output/${casename} --start_checkpoint data/3dovs/${casename}/output/${casename}/chkpnt30000.pth --port 600${level} --feature_level ${level} > logs/langsplat/train/${casename}_lv${level}.log 2>&1
scripts/3dovs_baseline.sh: line 61: 3578190 Killed                  CUDA_VISIBLE_DEVICES=$((level+2)) nohup python render.py -m output/${casename}_${level} --include_feature > logs/langsplat/render/${casename}_lv${level}.log 2>&1
scripts/3dovs_baseline.sh: line 61: 3578191 Killed                  CUDA_VISIBLE_DEVICES=$((level+2)) nohup python render.py -m output/${casename}_${level} --include_feature > logs/langsplat/render/${casename}_lv${level}.log 2>&1
scripts/3dovs_baseline.sh: line 61: 3578192 Killed                  CUDA_VISIBLE_DEVICES=$((level+2)) nohup python render.py -m output/${casename}_${level} --include_feature > logs/langsplat/render/${casename}_lv${level}.log 2>&1
Processing blue_sofa
scripts/3dovs_baseline.sh: line 29: 3578361 Killed                  CUDA_VISIBLE_DEVICES=3 nohup python train.py --dataset_path ../data/3dovs/${casename} --dataset_name ${casename} --encoder_dims 256 128 64 32 3 --decoder_dims 16 32 64 128 256 256 512 --lr 0.0007 > ../logs/langsplat/train_ae/${casename}.log 2>&1
scripts/3dovs_baseline.sh: line 51: 3589180 Killed                  CUDA_VISIBLE_DEVICES=$((level+2)) nohup python train.py -s data/3dovs/${casename} -m output/${casename} --start_checkpoint data/3dovs/${casename}/output/${casename}/chkpnt30000.pth --port 600${level} --feature_level ${level} > logs/langsplat/train/${casename}_lv${level}.log 2>&1
scripts/3dovs_baseline.sh: line 51: 3589181 Killed                  CUDA_VISIBLE_DEVICES=$((level+2)) nohup python train.py -s data/3dovs/${casename} -m output/${casename} --start_checkpoint data/3dovs/${casename}/output/${casename}/chkpnt30000.pth --port 600${level} --feature_level ${level} > logs/langsplat/train/${casename}_lv${level}.log 2>&1
scripts/3dovs_baseline.sh: line 51: 3589182 Killed                  CUDA_VISIBLE_DEVICES=$((level+2)) nohup python train.py -s data/3dovs/${casename} -m output/${casename} --start_checkpoint data/3dovs/${casename}/output/${casename}/chkpnt30000.pth --port 600${level} --feature_level ${level} > logs/langsplat/train/${casename}_lv${level}.log 2>&1
scripts/3dovs_baseline.sh: line 61: 3589363 Killed                  CUDA_VISIBLE_DEVICES=$((level+2)) nohup python render.py -m output/${casename}_${level} --include_feature > logs/langsplat/render/${casename}_lv${level}.log 2>&1
scripts/3dovs_baseline.sh: line 61: 3589364 Killed                  CUDA_VISIBLE_DEVICES=$((level+2)) nohup python render.py -m output/${casename}_${level} --include_feature > logs/langsplat/render/${casename}_lv${level}.log 2>&1
scripts/3dovs_baseline.sh: line 61: 3589365 Killed                  CUDA_VISIBLE_DEVICES=$((level+2)) nohup python render.py -m output/${casename}_${level} --include_feature > logs/langsplat/render/${casename}_lv${level}.log 2>&1
Processing covered_desk
scripts/3dovs_baseline.sh: line 29: 3589552 Killed                  CUDA_VISIBLE_DEVICES=3 nohup python train.py --dataset_path ../data/3dovs/${casename} --dataset_name ${casename} --encoder_dims 256 128 64 32 3 --decoder_dims 16 32 64 128 256 256 512 --lr 0.0007 > ../logs/langsplat/train_ae/${casename}.log 2>&1
scripts/3dovs_baseline.sh: line 51: 3596160 Killed                  CUDA_VISIBLE_DEVICES=$((level+2)) nohup python train.py -s data/3dovs/${casename} -m output/${casename} --start_checkpoint data/3dovs/${casename}/output/${casename}/chkpnt30000.pth --port 600${level} --feature_level ${level} > logs/langsplat/train/${casename}_lv${level}.log 2>&1
scripts/3dovs_baseline.sh: line 51: 3596161 Killed                  CUDA_VISIBLE_DEVICES=$((level+2)) nohup python train.py -s data/3dovs/${casename} -m output/${casename} --start_checkpoint data/3dovs/${casename}/output/${casename}/chkpnt30000.pth --port 600${level} --feature_level ${level} > logs/langsplat/train/${casename}_lv${level}.log 2>&1
scripts/3dovs_baseline.sh: line 51: 3596162 Killed                  CUDA_VISIBLE_DEVICES=$((level+2)) nohup python train.py -s data/3dovs/${casename} -m output/${casename} --start_checkpoint data/3dovs/${casename}/output/${casename}/chkpnt30000.pth --port 600${level} --feature_level ${level} > logs/langsplat/train/${casename}_lv${level}.log 2>&1
scripts/3dovs_baseline.sh: line 61: 3596343 Killed                  CUDA_VISIBLE_DEVICES=$((level+2)) nohup python render.py -m output/${casename}_${level} --include_feature > logs/langsplat/render/${casename}_lv${level}.log 2>&1
scripts/3dovs_baseline.sh: line 61: 3596344 Killed                  CUDA_VISIBLE_DEVICES=$((level+2)) nohup python render.py -m output/${casename}_${level} --include_feature > logs/langsplat/render/${casename}_lv${level}.log 2>&1
scripts/3dovs_baseline.sh: line 61: 3596345 Killed                  CUDA_VISIBLE_DEVICES=$((level+2)) nohup python render.py -m output/${casename}_${level} --include_feature > logs/langsplat/render/${casename}_lv${level}.log 2>&1
Processing lawn
scripts/3dovs_baseline.sh: line 29: 3596514 Killed                  CUDA_VISIBLE_DEVICES=3 nohup python train.py --dataset_path ../data/3dovs/${casename} --dataset_name ${casename} --encoder_dims 256 128 64 32 3 --decoder_dims 16 32 64 128 256 256 512 --lr 0.0007 > ../logs/langsplat/train_ae/${casename}.log 2>&1
scripts/3dovs_baseline.sh: line 51: 3598879 Killed                  CUDA_VISIBLE_DEVICES=$((level+2)) nohup python train.py -s data/3dovs/${casename} -m output/${casename} --start_checkpoint data/3dovs/${casename}/output/${casename}/chkpnt30000.pth --port 600${level} --feature_level ${level} > logs/langsplat/train/${casename}_lv${level}.log 2>&1
scripts/3dovs_baseline.sh: line 51: 3598880 Killed                  CUDA_VISIBLE_DEVICES=$((level+2)) nohup python train.py -s data/3dovs/${casename} -m output/${casename} --start_checkpoint data/3dovs/${casename}/output/${casename}/chkpnt30000.pth --port 600${level} --feature_level ${level} > logs/langsplat/train/${casename}_lv${level}.log 2>&1
scripts/3dovs_baseline.sh: line 51: 3598881 Killed                  CUDA_VISIBLE_DEVICES=$((level+2)) nohup python train.py -s data/3dovs/${casename} -m output/${casename} --start_checkpoint data/3dovs/${casename}/output/${casename}/chkpnt30000.pth --port 600${level} --feature_level ${level} > logs/langsplat/train/${casename}_lv${level}.log 2>&1
scripts/3dovs_baseline.sh: line 61: 3599061 Killed                  CUDA_VISIBLE_DEVICES=$((level+2)) nohup python render.py -m output/${casename}_${level} --include_feature > logs/langsplat/render/${casename}_lv${level}.log 2>&1
scripts/3dovs_baseline.sh: line 61: 3599062 Killed                  CUDA_VISIBLE_DEVICES=$((level+2)) nohup python render.py -m output/${casename}_${level} --include_feature > logs/langsplat/render/${casename}_lv${level}.log 2>&1
scripts/3dovs_baseline.sh: line 61: 3599063 Killed                  CUDA_VISIBLE_DEVICES=$((level+2)) nohup python render.py -m output/${casename}_${level} --include_feature > logs/langsplat/render/${casename}_lv${level}.log 2>&1
Processing office_desk
scripts/3dovs_baseline.sh: line 29: 3599231 Killed                  CUDA_VISIBLE_DEVICES=3 nohup python train.py --dataset_path ../data/3dovs/${casename} --dataset_name ${casename} --encoder_dims 256 128 64 32 3 --decoder_dims 16 32 64 128 256 256 512 --lr 0.0007 > ../logs/langsplat/train_ae/${casename}.log 2>&1
scripts/3dovs_baseline.sh: line 51: 3608266 Killed                  CUDA_VISIBLE_DEVICES=$((level+2)) nohup python train.py -s data/3dovs/${casename} -m output/${casename} --start_checkpoint data/3dovs/${casename}/output/${casename}/chkpnt30000.pth --port 600${level} --feature_level ${level} > logs/langsplat/train/${casename}_lv${level}.log 2>&1
scripts/3dovs_baseline.sh: line 51: 3608267 Killed                  CUDA_VISIBLE_DEVICES=$((level+2)) nohup python train.py -s data/3dovs/${casename} -m output/${casename} --start_checkpoint data/3dovs/${casename}/output/${casename}/chkpnt30000.pth --port 600${level} --feature_level ${level} > logs/langsplat/train/${casename}_lv${level}.log 2>&1
scripts/3dovs_baseline.sh: line 51: 3608268 Killed                  CUDA_VISIBLE_DEVICES=$((level+2)) nohup python train.py -s data/3dovs/${casename} -m output/${casename} --start_checkpoint data/3dovs/${casename}/output/${casename}/chkpnt30000.pth --port 600${level} --feature_level ${level} > logs/langsplat/train/${casename}_lv${level}.log 2>&1
scripts/3dovs_baseline.sh: line 61: 3608447 Killed                  CUDA_VISIBLE_DEVICES=$((level+2)) nohup python render.py -m output/${casename}_${level} --include_feature > logs/langsplat/render/${casename}_lv${level}.log 2>&1
scripts/3dovs_baseline.sh: line 61: 3608448 Killed                  CUDA_VISIBLE_DEVICES=$((level+2)) nohup python render.py -m output/${casename}_${level} --include_feature > logs/langsplat/render/${casename}_lv${level}.log 2>&1
scripts/3dovs_baseline.sh: line 61: 3608449 Killed                  CUDA_VISIBLE_DEVICES=$((level+2)) nohup python render.py -m output/${casename}_${level} --include_feature > logs/langsplat/render/${casename}_lv${level}.log 2>&1
Processing room
scripts/3dovs_baseline.sh: line 29: 3608633 Killed                  CUDA_VISIBLE_DEVICES=3 nohup python train.py --dataset_path ../data/3dovs/${casename} --dataset_name ${casename} --encoder_dims 256 128 64 32 3 --decoder_dims 16 32 64 128 256 256 512 --lr 0.0007 > ../logs/langsplat/train_ae/${casename}.log 2>&1
scripts/3dovs_baseline.sh: line 51: 3616255 Killed                  CUDA_VISIBLE_DEVICES=$((level+2)) nohup python train.py -s data/3dovs/${casename} -m output/${casename} --start_checkpoint data/3dovs/${casename}/output/${casename}/chkpnt30000.pth --port 600${level} --feature_level ${level} > logs/langsplat/train/${casename}_lv${level}.log 2>&1
scripts/3dovs_baseline.sh: line 51: 3616256 Killed                  CUDA_VISIBLE_DEVICES=$((level+2)) nohup python train.py -s data/3dovs/${casename} -m output/${casename} --start_checkpoint data/3dovs/${casename}/output/${casename}/chkpnt30000.pth --port 600${level} --feature_level ${level} > logs/langsplat/train/${casename}_lv${level}.log 2>&1
scripts/3dovs_baseline.sh: line 51: 3616257 Killed                  CUDA_VISIBLE_DEVICES=$((level+2)) nohup python train.py -s data/3dovs/${casename} -m output/${casename} --start_checkpoint data/3dovs/${casename}/output/${casename}/chkpnt30000.pth --port 600${level} --feature_level ${level} > logs/langsplat/train/${casename}_lv${level}.log 2>&1
scripts/3dovs_baseline.sh: line 61: 3616436 Killed                  CUDA_VISIBLE_DEVICES=$((level+2)) nohup python render.py -m output/${casename}_${level} --include_feature > logs/langsplat/render/${casename}_lv${level}.log 2>&1
scripts/3dovs_baseline.sh: line 61: 3616437 Killed                  CUDA_VISIBLE_DEVICES=$((level+2)) nohup python render.py -m output/${casename}_${level} --include_feature > logs/langsplat/render/${casename}_lv${level}.log 2>&1
scripts/3dovs_baseline.sh: line 61: 3616438 Killed                  CUDA_VISIBLE_DEVICES=$((level+2)) nohup python render.py -m output/${casename}_${level} --include_feature > logs/langsplat/render/${casename}_lv${level}.log 2>&1
Processing snacks
scripts/3dovs_baseline.sh: line 29: 3616602 Killed                  CUDA_VISIBLE_DEVICES=3 nohup python train.py --dataset_path ../data/3dovs/${casename} --dataset_name ${casename} --encoder_dims 256 128 64 32 3 --decoder_dims 16 32 64 128 256 256 512 --lr 0.0007 > ../logs/langsplat/train_ae/${casename}.log 2>&1
scripts/3dovs_baseline.sh: line 51: 3621713 Killed                  CUDA_VISIBLE_DEVICES=$((level+2)) nohup python train.py -s data/3dovs/${casename} -m output/${casename} --start_checkpoint data/3dovs/${casename}/output/${casename}/chkpnt30000.pth --port 600${level} --feature_level ${level} > logs/langsplat/train/${casename}_lv${level}.log 2>&1
scripts/3dovs_baseline.sh: line 51: 3621714 Killed                  CUDA_VISIBLE_DEVICES=$((level+2)) nohup python train.py -s data/3dovs/${casename} -m output/${casename} --start_checkpoint data/3dovs/${casename}/output/${casename}/chkpnt30000.pth --port 600${level} --feature_level ${level} > logs/langsplat/train/${casename}_lv${level}.log 2>&1
scripts/3dovs_baseline.sh: line 51: 3621715 Killed                  CUDA_VISIBLE_DEVICES=$((level+2)) nohup python train.py -s data/3dovs/${casename} -m output/${casename} --start_checkpoint data/3dovs/${casename}/output/${casename}/chkpnt30000.pth --port 600${level} --feature_level ${level} > logs/langsplat/train/${casename}_lv${level}.log 2>&1
scripts/3dovs_baseline.sh: line 61: 3621890 Killed                  CUDA_VISIBLE_DEVICES=$((level+2)) nohup python render.py -m output/${casename}_${level} --include_feature > logs/langsplat/render/${casename}_lv${level}.log 2>&1
scripts/3dovs_baseline.sh: line 61: 3621891 Killed                  CUDA_VISIBLE_DEVICES=$((level+2)) nohup python render.py -m output/${casename}_${level} --include_feature > logs/langsplat/render/${casename}_lv${level}.log 2>&1
scripts/3dovs_baseline.sh: line 61: 3621892 Killed                  CUDA_VISIBLE_DEVICES=$((level+2)) nohup python render.py -m output/${casename}_${level} --include_feature > logs/langsplat/render/${casename}_lv${level}.log 2>&1
Processing sofa
scripts/3dovs_baseline.sh: line 29: 3622057 Killed                  CUDA_VISIBLE_DEVICES=3 nohup python train.py --dataset_path ../data/3dovs/${casename} --dataset_name ${casename} --encoder_dims 256 128 64 32 3 --decoder_dims 16 32 64 128 256 256 512 --lr 0.0007 > ../logs/langsplat/train_ae/${casename}.log 2>&1
scripts/3dovs_baseline.sh: line 51: 3626540 Killed                  CUDA_VISIBLE_DEVICES=$((level+2)) nohup python train.py -s data/3dovs/${casename} -m output/${casename} --start_checkpoint data/3dovs/${casename}/output/${casename}/chkpnt30000.pth --port 600${level} --feature_level ${level} > logs/langsplat/train/${casename}_lv${level}.log 2>&1
scripts/3dovs_baseline.sh: line 51: 3626541 Killed                  CUDA_VISIBLE_DEVICES=$((level+2)) nohup python train.py -s data/3dovs/${casename} -m output/${casename} --start_checkpoint data/3dovs/${casename}/output/${casename}/chkpnt30000.pth --port 600${level} --feature_level ${level} > logs/langsplat/train/${casename}_lv${level}.log 2>&1
scripts/3dovs_baseline.sh: line 51: 3626542 Killed                  CUDA_VISIBLE_DEVICES=$((level+2)) nohup python train.py -s data/3dovs/${casename} -m output/${casename} --start_checkpoint data/3dovs/${casename}/output/${casename}/chkpnt30000.pth --port 600${level} --feature_level ${level} > logs/langsplat/train/${casename}_lv${level}.log 2>&1
scripts/3dovs_baseline.sh: line 61: 3626721 Killed                  CUDA_VISIBLE_DEVICES=$((level+2)) nohup python render.py -m output/${casename}_${level} --include_feature > logs/langsplat/render/${casename}_lv${level}.log 2>&1
scripts/3dovs_baseline.sh: line 61: 3626722 Killed                  CUDA_VISIBLE_DEVICES=$((level+2)) nohup python render.py -m output/${casename}_${level} --include_feature > logs/langsplat/render/${casename}_lv${level}.log 2>&1
scripts/3dovs_baseline.sh: line 61: 3626723 Killed                  CUDA_VISIBLE_DEVICES=$((level+2)) nohup python render.py -m output/${casename}_${level} --include_feature > logs/langsplat/render/${casename}_lv${level}.log 2>&1
Processing table
所有任务完成
Processing bed
Processing bench
Processing blue_sofa
Processing covered_desk
Processing lawn
Processing office_desk
Processing room
Processing snacks
Processing sofa
Processing table
所有任务完成
开始处理 room
开始处理 room
开始评估 room 使用 GPU 3
开始评估 room 使用 GPU 4
1 任务完成
开始处理 room
开始处理 room
开始评估 room 使用 GPU 3
开始评估 room 使用 GPU 4
2 任务完成
开始处理 room
开始处理 room
开始评估 room 使用 GPU 3
开始评估 room 使用 GPU 4
3 任务完成
开始处理 room
开始处理 room
开始评估 room 使用 GPU 3
开始评估 room 使用 GPU 4
4 任务完成
开始处理 room
开始处理 room
开始评估 room 使用 GPU 3
开始评估 room 使用 GPU 4
5 任务完成
开始处理 room
开始处理 room
开始评估 room 使用 GPU 3
开始评估 room 使用 GPU 4
6 任务完成
开始处理 room
开始处理 room
开始评估 room 使用 GPU 3
开始评估 room 使用 GPU 4
7 任务完成
开始处理 room
开始处理 room
开始评估 room 使用 GPU 3
开始评估 room 使用 GPU 4
8 任务完成
开始处理 room
开始处理 room
开始评估 room 使用 GPU 3
开始评估 room 使用 GPU 4
9 任务完成
开始处理 room
开始处理 room
开始评估 room 使用 GPU 3
开始评估 room 使用 GPU 4
10 任务完成
开始处理 sofa
开始评估 sofa 使用 GPU 3
1 任务完成
开始处理 sofa
开始评估 sofa 使用 GPU 3
2 任务完成
开始处理 sofa
scripts/3dovs_baseline_x10.sh: line 30: 2333505 Killed                  CUDA_VISIBLE_DEVICES=$((level+2)) nohup python train.py -s data/3dovs/${casename} -m output/${casename} --start_checkpoint data/3dovs/${casename}/output/${casename}/chkpnt30000.pth --port 600${level} --feature_level ${level} --baseline_idx ${baseline_idx} > logs/langsplat/train/${casename}_train_lv${level}.log 2>&1
scripts/3dovs_baseline_x10.sh: line 30: 2333506 Killed                  CUDA_VISIBLE_DEVICES=$((level+2)) nohup python train.py -s data/3dovs/${casename} -m output/${casename} --start_checkpoint data/3dovs/${casename}/output/${casename}/chkpnt30000.pth --port 600${level} --feature_level ${level} --baseline_idx ${baseline_idx} > logs/langsplat/train/${casename}_train_lv${level}.log 2>&1
scripts/3dovs_baseline_x10.sh: line 30: 2333507 Killed                  CUDA_VISIBLE_DEVICES=$((level+2)) nohup python train.py -s data/3dovs/${casename} -m output/${casename} --start_checkpoint data/3dovs/${casename}/output/${casename}/chkpnt30000.pth --port 600${level} --feature_level ${level} --baseline_idx ${baseline_idx} > logs/langsplat/train/${casename}_train_lv${level}.log 2>&1
scripts/3dovs_baseline_x10.sh: line 41: 2333842 Killed                  CUDA_VISIBLE_DEVICES=$((level+2)) nohup python render.py -m output/${casename}_${level} --include_feature > logs/langsplat/render/${casename}_render_lv${level}.log 2>&1
scripts/3dovs_baseline_x10.sh: line 41: 2333843 Killed                  CUDA_VISIBLE_DEVICES=$((level+2)) nohup python render.py -m output/${casename}_${level} --include_feature > logs/langsplat/render/${casename}_render_lv${level}.log 2>&1
scripts/3dovs_baseline_x10.sh: line 41: 2333844 Killed                  CUDA_VISIBLE_DEVICES=$((level+2)) nohup python render.py -m output/${casename}_${level} --include_feature > logs/langsplat/render/${casename}_render_lv${level}.log 2>&1
开始评估 sofa 使用 GPU 3
3 任务完成
开始处理 sofa
scripts/3dovs_baseline_x10.sh: line 30: 2334221 Killed                  CUDA_VISIBLE_DEVICES=$((level+2)) nohup python train.py -s data/3dovs/${casename} -m output/${casename} --start_checkpoint data/3dovs/${casename}/output/${casename}/chkpnt30000.pth --port 600${level} --feature_level ${level} --baseline_idx ${baseline_idx} > logs/langsplat/train/${casename}_train_lv${level}.log 2>&1
scripts/3dovs_baseline_x10.sh: line 30: 2334222 Killed                  CUDA_VISIBLE_DEVICES=$((level+2)) nohup python train.py -s data/3dovs/${casename} -m output/${casename} --start_checkpoint data/3dovs/${casename}/output/${casename}/chkpnt30000.pth --port 600${level} --feature_level ${level} --baseline_idx ${baseline_idx} > logs/langsplat/train/${casename}_train_lv${level}.log 2>&1
scripts/3dovs_baseline_x10.sh: line 30: 2334223 Killed                  CUDA_VISIBLE_DEVICES=$((level+2)) nohup python train.py -s data/3dovs/${casename} -m output/${casename} --start_checkpoint data/3dovs/${casename}/output/${casename}/chkpnt30000.pth --port 600${level} --feature_level ${level} --baseline_idx ${baseline_idx} > logs/langsplat/train/${casename}_train_lv${level}.log 2>&1
scripts/3dovs_baseline_x10.sh: line 41: 2334400 Killed                  CUDA_VISIBLE_DEVICES=$((level+2)) nohup python render.py -m output/${casename}_${level} --include_feature > logs/langsplat/render/${casename}_render_lv${level}.log 2>&1
scripts/3dovs_baseline_x10.sh: line 41: 2334401 Killed                  CUDA_VISIBLE_DEVICES=$((level+2)) nohup python render.py -m output/${casename}_${level} --include_feature > logs/langsplat/render/${casename}_render_lv${level}.log 2>&1
scripts/3dovs_baseline_x10.sh: line 41: 2334402 Killed                  CUDA_VISIBLE_DEVICES=$((level+2)) nohup python render.py -m output/${casename}_${level} --include_feature > logs/langsplat/render/${casename}_render_lv${level}.log 2>&1
开始评估 sofa 使用 GPU 3
4 任务完成
开始处理 sofa
scripts/3dovs_baseline_x10.sh: line 30: 2334753 Killed                  CUDA_VISIBLE_DEVICES=$((level+2)) nohup python train.py -s data/3dovs/${casename} -m output/${casename} --start_checkpoint data/3dovs/${casename}/output/${casename}/chkpnt30000.pth --port 600${level} --feature_level ${level} --baseline_idx ${baseline_idx} > logs/langsplat/train/${casename}_train_lv${level}.log 2>&1
scripts/3dovs_baseline_x10.sh: line 30: 2334754 Killed                  CUDA_VISIBLE_DEVICES=$((level+2)) nohup python train.py -s data/3dovs/${casename} -m output/${casename} --start_checkpoint data/3dovs/${casename}/output/${casename}/chkpnt30000.pth --port 600${level} --feature_level ${level} --baseline_idx ${baseline_idx} > logs/langsplat/train/${casename}_train_lv${level}.log 2>&1
scripts/3dovs_baseline_x10.sh: line 30: 2334755 Killed                  CUDA_VISIBLE_DEVICES=$((level+2)) nohup python train.py -s data/3dovs/${casename} -m output/${casename} --start_checkpoint data/3dovs/${casename}/output/${casename}/chkpnt30000.pth --port 600${level} --feature_level ${level} --baseline_idx ${baseline_idx} > logs/langsplat/train/${casename}_train_lv${level}.log 2>&1
scripts/3dovs_baseline_x10.sh: line 41: 2334924 Killed                  CUDA_VISIBLE_DEVICES=$((level+2)) nohup python render.py -m output/${casename}_${level} --include_feature > logs/langsplat/render/${casename}_render_lv${level}.log 2>&1
scripts/3dovs_baseline_x10.sh: line 41: 2334925 Killed                  CUDA_VISIBLE_DEVICES=$((level+2)) nohup python render.py -m output/${casename}_${level} --include_feature > logs/langsplat/render/${casename}_render_lv${level}.log 2>&1
scripts/3dovs_baseline_x10.sh: line 41: 2334926 Killed                  CUDA_VISIBLE_DEVICES=$((level+2)) nohup python render.py -m output/${casename}_${level} --include_feature > logs/langsplat/render/${casename}_render_lv${level}.log 2>&1
开始评估 sofa 使用 GPU 3
5 任务完成
开始处理 sofa
scripts/3dovs_baseline_x10.sh: line 30: 2335268 Killed                  CUDA_VISIBLE_DEVICES=$((level+2)) nohup python train.py -s data/3dovs/${casename} -m output/${casename} --start_checkpoint data/3dovs/${casename}/output/${casename}/chkpnt30000.pth --port 600${level} --feature_level ${level} --baseline_idx ${baseline_idx} > logs/langsplat/train/${casename}_train_lv${level}.log 2>&1
scripts/3dovs_baseline_x10.sh: line 30: 2335269 Killed                  CUDA_VISIBLE_DEVICES=$((level+2)) nohup python train.py -s data/3dovs/${casename} -m output/${casename} --start_checkpoint data/3dovs/${casename}/output/${casename}/chkpnt30000.pth --port 600${level} --feature_level ${level} --baseline_idx ${baseline_idx} > logs/langsplat/train/${casename}_train_lv${level}.log 2>&1
scripts/3dovs_baseline_x10.sh: line 30: 2335270 Killed                  CUDA_VISIBLE_DEVICES=$((level+2)) nohup python train.py -s data/3dovs/${casename} -m output/${casename} --start_checkpoint data/3dovs/${casename}/output/${casename}/chkpnt30000.pth --port 600${level} --feature_level ${level} --baseline_idx ${baseline_idx} > logs/langsplat/train/${casename}_train_lv${level}.log 2>&1
scripts/3dovs_baseline_x10.sh: line 41: 2335441 Killed                  CUDA_VISIBLE_DEVICES=$((level+2)) nohup python render.py -m output/${casename}_${level} --include_feature > logs/langsplat/render/${casename}_render_lv${level}.log 2>&1
scripts/3dovs_baseline_x10.sh: line 41: 2335442 Killed                  CUDA_VISIBLE_DEVICES=$((level+2)) nohup python render.py -m output/${casename}_${level} --include_feature > logs/langsplat/render/${casename}_render_lv${level}.log 2>&1
scripts/3dovs_baseline_x10.sh: line 41: 2335443 Killed                  CUDA_VISIBLE_DEVICES=$((level+2)) nohup python render.py -m output/${casename}_${level} --include_feature > logs/langsplat/render/${casename}_render_lv${level}.log 2>&1
开始评估 sofa 使用 GPU 3
6 任务完成
开始处理 sofa
scripts/3dovs_baseline_x10.sh: line 30: 2335767 Killed                  CUDA_VISIBLE_DEVICES=$((level+2)) nohup python train.py -s data/3dovs/${casename} -m output/${casename} --start_checkpoint data/3dovs/${casename}/output/${casename}/chkpnt30000.pth --port 600${level} --feature_level ${level} --baseline_idx ${baseline_idx} > logs/langsplat/train/${casename}_train_lv${level}.log 2>&1
scripts/3dovs_baseline_x10.sh: line 30: 2335768 Killed                  CUDA_VISIBLE_DEVICES=$((level+2)) nohup python train.py -s data/3dovs/${casename} -m output/${casename} --start_checkpoint data/3dovs/${casename}/output/${casename}/chkpnt30000.pth --port 600${level} --feature_level ${level} --baseline_idx ${baseline_idx} > logs/langsplat/train/${casename}_train_lv${level}.log 2>&1
scripts/3dovs_baseline_x10.sh: line 30: 2335769 Killed                  CUDA_VISIBLE_DEVICES=$((level+2)) nohup python train.py -s data/3dovs/${casename} -m output/${casename} --start_checkpoint data/3dovs/${casename}/output/${casename}/chkpnt30000.pth --port 600${level} --feature_level ${level} --baseline_idx ${baseline_idx} > logs/langsplat/train/${casename}_train_lv${level}.log 2>&1
scripts/3dovs_baseline_x10.sh: line 41: 2335943 Killed                  CUDA_VISIBLE_DEVICES=$((level+2)) nohup python render.py -m output/${casename}_${level} --include_feature > logs/langsplat/render/${casename}_render_lv${level}.log 2>&1
scripts/3dovs_baseline_x10.sh: line 41: 2335944 Killed                  CUDA_VISIBLE_DEVICES=$((level+2)) nohup python render.py -m output/${casename}_${level} --include_feature > logs/langsplat/render/${casename}_render_lv${level}.log 2>&1
scripts/3dovs_baseline_x10.sh: line 41: 2335945 Killed                  CUDA_VISIBLE_DEVICES=$((level+2)) nohup python render.py -m output/${casename}_${level} --include_feature > logs/langsplat/render/${casename}_render_lv${level}.log 2>&1
开始评估 sofa 使用 GPU 3
7 任务完成
开始处理 sofa
scripts/3dovs_baseline_x10.sh: line 30: 2336269 Killed                  CUDA_VISIBLE_DEVICES=$((level+2)) nohup python train.py -s data/3dovs/${casename} -m output/${casename} --start_checkpoint data/3dovs/${casename}/output/${casename}/chkpnt30000.pth --port 600${level} --feature_level ${level} --baseline_idx ${baseline_idx} > logs/langsplat/train/${casename}_train_lv${level}.log 2>&1
scripts/3dovs_baseline_x10.sh: line 30: 2336270 Killed                  CUDA_VISIBLE_DEVICES=$((level+2)) nohup python train.py -s data/3dovs/${casename} -m output/${casename} --start_checkpoint data/3dovs/${casename}/output/${casename}/chkpnt30000.pth --port 600${level} --feature_level ${level} --baseline_idx ${baseline_idx} > logs/langsplat/train/${casename}_train_lv${level}.log 2>&1
scripts/3dovs_baseline_x10.sh: line 30: 2336271 Killed                  CUDA_VISIBLE_DEVICES=$((level+2)) nohup python train.py -s data/3dovs/${casename} -m output/${casename} --start_checkpoint data/3dovs/${casename}/output/${casename}/chkpnt30000.pth --port 600${level} --feature_level ${level} --baseline_idx ${baseline_idx} > logs/langsplat/train/${casename}_train_lv${level}.log 2>&1
scripts/3dovs_baseline_x10.sh: line 41: 2336444 Killed                  CUDA_VISIBLE_DEVICES=$((level+2)) nohup python render.py -m output/${casename}_${level} --include_feature > logs/langsplat/render/${casename}_render_lv${level}.log 2>&1
scripts/3dovs_baseline_x10.sh: line 41: 2336445 Killed                  CUDA_VISIBLE_DEVICES=$((level+2)) nohup python render.py -m output/${casename}_${level} --include_feature > logs/langsplat/render/${casename}_render_lv${level}.log 2>&1
scripts/3dovs_baseline_x10.sh: line 41: 2336446 Killed                  CUDA_VISIBLE_DEVICES=$((level+2)) nohup python render.py -m output/${casename}_${level} --include_feature > logs/langsplat/render/${casename}_render_lv${level}.log 2>&1
开始评估 sofa 使用 GPU 3
8 任务完成
开始处理 sofa
scripts/3dovs_baseline_x10.sh: line 30: 2336798 Killed                  CUDA_VISIBLE_DEVICES=$((level+2)) nohup python train.py -s data/3dovs/${casename} -m output/${casename} --start_checkpoint data/3dovs/${casename}/output/${casename}/chkpnt30000.pth --port 600${level} --feature_level ${level} --baseline_idx ${baseline_idx} > logs/langsplat/train/${casename}_train_lv${level}.log 2>&1
scripts/3dovs_baseline_x10.sh: line 30: 2336799 Killed                  CUDA_VISIBLE_DEVICES=$((level+2)) nohup python train.py -s data/3dovs/${casename} -m output/${casename} --start_checkpoint data/3dovs/${casename}/output/${casename}/chkpnt30000.pth --port 600${level} --feature_level ${level} --baseline_idx ${baseline_idx} > logs/langsplat/train/${casename}_train_lv${level}.log 2>&1
scripts/3dovs_baseline_x10.sh: line 30: 2336800 Killed                  CUDA_VISIBLE_DEVICES=$((level+2)) nohup python train.py -s data/3dovs/${casename} -m output/${casename} --start_checkpoint data/3dovs/${casename}/output/${casename}/chkpnt30000.pth --port 600${level} --feature_level ${level} --baseline_idx ${baseline_idx} > logs/langsplat/train/${casename}_train_lv${level}.log 2>&1
scripts/3dovs_baseline_x10.sh: line 41: 2336970 Killed                  CUDA_VISIBLE_DEVICES=$((level+2)) nohup python render.py -m output/${casename}_${level} --include_feature > logs/langsplat/render/${casename}_render_lv${level}.log 2>&1
scripts/3dovs_baseline_x10.sh: line 41: 2336971 Killed                  CUDA_VISIBLE_DEVICES=$((level+2)) nohup python render.py -m output/${casename}_${level} --include_feature > logs/langsplat/render/${casename}_render_lv${level}.log 2>&1
scripts/3dovs_baseline_x10.sh: line 41: 2336972 Killed                  CUDA_VISIBLE_DEVICES=$((level+2)) nohup python render.py -m output/${casename}_${level} --include_feature > logs/langsplat/render/${casename}_render_lv${level}.log 2>&1
开始评估 sofa 使用 GPU 3
9 任务完成
开始处理 sofa
scripts/3dovs_baseline_x10.sh: line 30: 2337315 Killed                  CUDA_VISIBLE_DEVICES=$((level+2)) nohup python train.py -s data/3dovs/${casename} -m output/${casename} --start_checkpoint data/3dovs/${casename}/output/${casename}/chkpnt30000.pth --port 600${level} --feature_level ${level} --baseline_idx ${baseline_idx} > logs/langsplat/train/${casename}_train_lv${level}.log 2>&1
scripts/3dovs_baseline_x10.sh: line 30: 2337316 Killed                  CUDA_VISIBLE_DEVICES=$((level+2)) nohup python train.py -s data/3dovs/${casename} -m output/${casename} --start_checkpoint data/3dovs/${casename}/output/${casename}/chkpnt30000.pth --port 600${level} --feature_level ${level} --baseline_idx ${baseline_idx} > logs/langsplat/train/${casename}_train_lv${level}.log 2>&1
scripts/3dovs_baseline_x10.sh: line 30: 2337317 Killed                  CUDA_VISIBLE_DEVICES=$((level+2)) nohup python train.py -s data/3dovs/${casename} -m output/${casename} --start_checkpoint data/3dovs/${casename}/output/${casename}/chkpnt30000.pth --port 600${level} --feature_level ${level} --baseline_idx ${baseline_idx} > logs/langsplat/train/${casename}_train_lv${level}.log 2>&1
scripts/3dovs_baseline_x10.sh: line 41: 2337492 Killed                  CUDA_VISIBLE_DEVICES=$((level+2)) nohup python render.py -m output/${casename}_${level} --include_feature > logs/langsplat/render/${casename}_render_lv${level}.log 2>&1
scripts/3dovs_baseline_x10.sh: line 41: 2337493 Killed                  CUDA_VISIBLE_DEVICES=$((level+2)) nohup python render.py -m output/${casename}_${level} --include_feature > logs/langsplat/render/${casename}_render_lv${level}.log 2>&1
scripts/3dovs_baseline_x10.sh: line 41: 2337494 Killed                  CUDA_VISIBLE_DEVICES=$((level+2)) nohup python render.py -m output/${casename}_${level} --include_feature > logs/langsplat/render/${casename}_render_lv${level}.log 2>&1
开始评估 sofa 使用 GPU 3
10 任务完成
